<?xml version="1.0" encoding="UTF-8"?>
<!-- Generated by org.testng.reporters.JUnitXMLReporter -->
<testsuite hostname="My-PC" ignored="0" name="sample" tests="4" failures="0" timestamp="05 Jan 2020 20:28:07 GMT" time="0.048" errors="0">
  <testcase name="test1" time="0.012" classname="selenium_mj.jenkins1"/>
  <testcase name="test2" time="0.002" classname="selenium_mj.jenkins1"/>
  <testcase name="test2" time="0.001" classname="selenium_mj.jenkins2"/>
  <testcase name="test_sample" time="0.001" classname="selenium_mj.jenkins2"/>
</testsuite> <!-- sample -->
